<?xml version="1.0" encoding="UTF-8"?>
<testsuite name="us.dit.fs.gestordocumental.TestPlantillaWord" tests="2" skipped="0" failures="0" errors="0" timestamp="2025-05-25T19:32:43" hostname="DESKTOP-0RG7KH0" time="0.207">
  <properties/>
  <testcase name="whenParsingOutputDocument_thenCorrect()" classname="us.dit.fs.gestordocumental.TestPlantillaWord" time="0.179"/>
  <testcase name="whenCheckingSubtitleFontSize_thenIs16()" classname="us.dit.fs.gestordocumental.TestPlantillaWord" time="0.027"/>
  <system-out><![CDATA[]]></system-out>
  <system-err><![CDATA[]]></system-err>
</testsuite>
